<?xml version="1.0" encoding="UTF-8"?>
<testsuite name="org.amaap.ttp.scrabble.v1.domain.model.ScoreCalculatorTest" tests="9" skipped="0" failures="0" errors="0" timestamp="2024-04-01T18:36:21" hostname="LAPTOP-205J7BQ6" time="0.062">
  <properties/>
  <testcase name="shouldThrowAnWordContainsSpecialCharactersExceptionWhenWordContainsSpecialCharacters()" classname="org.amaap.ttp.scrabble.v1.domain.model.ScoreCalculatorTest" time="0.035"/>
  <testcase name="shouldBeAbleToReturnScoreForWordWithDoubleLetter()" classname="org.amaap.ttp.scrabble.v1.domain.model.ScoreCalculatorTest" time="0.006"/>
  <testcase name="shouldBeAbleToCalculateScoreForWordWithAllLetters()" classname="org.amaap.ttp.scrabble.v1.domain.model.ScoreCalculatorTest" time="0.002"/>
  <testcase name="shouldThrowAnEmptyWordExceptionForNullWord()" classname="org.amaap.ttp.scrabble.v1.domain.model.ScoreCalculatorTest" time="0.002"/>
  <testcase name="shouldReturnTheScoreForCapitalAlphabetWords()" classname="org.amaap.ttp.scrabble.v1.domain.model.ScoreCalculatorTest" time="0.002"/>
  <testcase name="shouldThrowAnWordContainsDigitsExceptionWhenWordContainsDigits()" classname="org.amaap.ttp.scrabble.v1.domain.model.ScoreCalculatorTest" time="0.001"/>
  <testcase name="shouldBeAbleToReturnTheScoreForSmallerAlphabet()" classname="org.amaap.ttp.scrabble.v1.domain.model.ScoreCalculatorTest" time="0.001"/>
  <testcase name="shouldThrowEmptyWordExceptionForEmptyWord()" classname="org.amaap.ttp.scrabble.v1.domain.model.ScoreCalculatorTest" time="0.002"/>
  <testcase name="shouldBeAbleToReturnScoreForWordWithTripleLetter()" classname="org.amaap.ttp.scrabble.v1.domain.model.ScoreCalculatorTest" time="0.001"/>
  <system-out><![CDATA[]]></system-out>
  <system-err><![CDATA[]]></system-err>
</testsuite>
