<?xml version="1.0" encoding="UTF-8"?>
<testsuite name="org.amaap.ttp.scrabble.v1.domain.model.validator.WordValidatorTest" tests="6" skipped="0" failures="0" errors="0" timestamp="2024-04-01T18:47:12" hostname="LAPTOP-205J7BQ6" time="0.01">
  <properties/>
  <testcase name="shouldBeAbleToReturnTrueWhenWordContainsBothDigitsAndSpecialCharacters()" classname="org.amaap.ttp.scrabble.v1.domain.model.validator.WordValidatorTest" time="0.002"/>
  <testcase name="shouldBeAbleToReturnFalseWhenWordDoesNotContainDigits()" classname="org.amaap.ttp.scrabble.v1.domain.model.validator.WordValidatorTest" time="0.002"/>
  <testcase name="shouldBeAbleToReturnTrueWhenWordContainsDigits()" classname="org.amaap.ttp.scrabble.v1.domain.model.validator.WordValidatorTest" time="0.001"/>
  <testcase name="shouldBeAbleToReturnFalseWhenWordContainsNeitherDigitsNorSpecialCharacters()" classname="org.amaap.ttp.scrabble.v1.domain.model.validator.WordValidatorTest" time="0.0"/>
  <testcase name="shouldBeAbleToReturnTrueWhenWordContainsSpecialCharacters()" classname="org.amaap.ttp.scrabble.v1.domain.model.validator.WordValidatorTest" time="0.0"/>
  <testcase name="shouldBeAbleToReturnFalseWhenWordDoesNotContainSpecialCharacters()" classname="org.amaap.ttp.scrabble.v1.domain.model.validator.WordValidatorTest" time="0.001"/>
  <system-out><![CDATA[]]></system-out>
  <system-err><![CDATA[]]></system-err>
</testsuite>
