<?xml version="1.0" encoding="UTF-8"?>
<testsuite name="org.amaap.ttp.scrabble.v1.domain.model.ScoreCalculatorTest" tests="3" skipped="0" failures="0" errors="0" timestamp="2024-04-01T12:50:25" hostname="LAPTOP-205J7BQ6" time="0.006">
  <properties/>
  <testcase name="shouldBeAbleToReturnTheScoreForCapitalAlphabetWords()" classname="org.amaap.ttp.scrabble.v1.domain.model.ScoreCalculatorTest" time="0.001"/>
  <testcase name="shouldBeAbleToCalculateScoreForWordWithAllLetters()" classname="org.amaap.ttp.scrabble.v1.domain.model.ScoreCalculatorTest" time="0.001"/>
  <testcase name="shouldBeAbleToReturnTheScoreForSmallerAlphabet()" classname="org.amaap.ttp.scrabble.v1.domain.model.ScoreCalculatorTest" time="0.002"/>
  <system-out><![CDATA[]]></system-out>
  <system-err><![CDATA[]]></system-err>
</testsuite>
