<?xml version="1.0" encoding="UTF-8"?>
<testsuite name="org.amaap.ttp.scrabble.v1.domain.ScoreCalculatorManagerTest" tests="3" skipped="0" failures="0" errors="0" timestamp="2024-04-01T14:59:09" hostname="LAPTOP-205J7BQ6" time="0.049">
  <properties/>
  <testcase name="shouldBeAbleToGetTheScoreForGivenWord()" classname="org.amaap.ttp.scrabble.v1.domain.ScoreCalculatorManagerTest" time="0.04"/>
  <testcase name="shouldBeAbleToGetScoreForDoubleLetter()" classname="org.amaap.ttp.scrabble.v1.domain.ScoreCalculatorManagerTest" time="0.002"/>
  <testcase name="shouldBeAbleToGetSingleInstance()" classname="org.amaap.ttp.scrabble.v1.domain.ScoreCalculatorManagerTest" time="0.004"/>
  <system-out><![CDATA[]]></system-out>
  <system-err><![CDATA[]]></system-err>
</testsuite>
