<?xml version="1.0" encoding="UTF-8"?>
<testsuite name="org.amaap.ttp.scrabble.v1.config.PointAllocatorTest" tests="2" skipped="0" failures="0" errors="0" timestamp="2024-04-01T18:47:12" hostname="LAPTOP-205J7BQ6" time="0.032">
  <properties/>
  <testcase name="shouldBeAbleToThrowExceptionForInvalidLetter()" classname="org.amaap.ttp.scrabble.v1.config.PointAllocatorTest" time="0.028"/>
  <testcase name="shouldBeAbleToGetScoreForValidLetter()" classname="org.amaap.ttp.scrabble.v1.config.PointAllocatorTest" time="0.002"/>
  <system-out><![CDATA[]]></system-out>
  <system-err><![CDATA[]]></system-err>
</testsuite>
